[ 2026-01-13 22:31:55,929 ] 22 root - INFO - \U0001f680 Network Security Training Pipeline Started
[ 2026-01-13 22:31:55,930 ] 32 root - INFO - \U0001f4e5 Data Ingestion Started
[ 2026-01-13 22:31:55,930 ] 105 root - INFO - Starting data ingestion process
[ 2026-01-13 22:31:55,930 ] 33 root - INFO - Connecting to MongoDB
[ 2026-01-13 22:31:59,472 ] 49 root - INFO - Successfully fetched data from MongoDB
[ 2026-01-13 22:31:59,552 ] 65 root - INFO - Data exported to feature store successfully
[ 2026-01-13 22:31:59,552 ] 74 root - INFO - Performing train-test split
[ 2026-01-13 22:31:59,625 ] 97 root - INFO - Train-test split completed and files saved
[ 2026-01-13 22:31:59,648 ] 116 root - INFO - Data ingestion completed successfully
[ 2026-01-13 22:31:59,649 ] 36 root - INFO - \u2705 Data Ingestion Completed
[ 2026-01-13 22:31:59,649 ] 42 root - INFO - \U0001f50d Data Validation Started
[ 2026-01-13 22:31:59,722 ] 32 root - INFO - Required number of columns:2
[ 2026-01-13 22:31:59,722 ] 33 root - INFO - Data frame has columns:31
[ 2026-01-13 22:31:59,723 ] 32 root - INFO - Required number of columns:2
[ 2026-01-13 22:31:59,723 ] 33 root - INFO - Data frame has columns:31
[ 2026-01-13 22:31:59,864 ] 48 root - INFO - \u2705 Data Validation Completed
[ 2026-01-13 22:31:59,864 ] 54 root - INFO - \U0001f504 Data Transformation Started
[ 2026-01-13 22:31:59,865 ] 63 root - INFO - Entered initiate_data_transformation method of DataTransformation class
[ 2026-01-13 22:31:59,865 ] 65 root - INFO - Starting data transformation
[ 2026-01-13 22:31:59,889 ] 48 root - INFO - Entered get_data_transformer_object method of Transformation class
[ 2026-01-13 22:31:59,889 ] 53 root - INFO - Initialise KNNImputer with {'missing_values': nan, 'n_neighbors': 3, 'weights': 'uniform'}
[ 2026-01-13 22:31:59,941 ] 46 root - INFO - Entered the save_object method of MainUtils class
[ 2026-01-13 22:31:59,946 ] 50 root - INFO - Exited the save_object method of MainUtils class
[ 2026-01-13 22:31:59,946 ] 46 root - INFO - Entered the save_object method of MainUtils class
[ 2026-01-13 22:31:59,950 ] 50 root - INFO - Exited the save_object method of MainUtils class
[ 2026-01-13 22:31:59,952 ] 64 root - INFO - \u2705 Data Transformation Completed
[ 2026-01-13 22:31:59,953 ] 70 root - INFO - \U0001f916 Model Training Started
[ 2026-01-13 22:32:19,676 ] 102 root - INFO - Best model selected: Random Forest
[ 2026-01-13 22:32:20,226 ] 37 __name__ - INFO - setup plugin alembic.autogenerate.schemas
[ 2026-01-13 22:32:20,227 ] 37 __name__ - INFO - setup plugin alembic.autogenerate.tables
[ 2026-01-13 22:32:20,227 ] 37 __name__ - INFO - setup plugin alembic.autogenerate.types
[ 2026-01-13 22:32:20,227 ] 37 __name__ - INFO - setup plugin alembic.autogenerate.constraints
[ 2026-01-13 22:32:20,227 ] 37 __name__ - INFO - setup plugin alembic.autogenerate.defaults
[ 2026-01-13 22:32:20,227 ] 37 __name__ - INFO - setup plugin alembic.autogenerate.comments
[ 2026-01-13 22:32:30,754 ] 46 root - INFO - Entered the save_object method of MainUtils class
[ 2026-01-13 22:32:30,793 ] 50 root - INFO - Exited the save_object method of MainUtils class
[ 2026-01-13 22:32:30,793 ] 147 root - INFO - Model trainer artifact: ModelTrainerArtifact(trained_model_file_path='Artifacts\\01_13_2026_22_31_54\\model_trainer\\trained_model\\model.pkl', train_metric_artifact=ClassificationMetricArtifact(f1_score=0.9915573186857899, precision_score=0.9888415500101441, recall_score=0.9942880456956344), test_metric_artifact=ClassificationMetricArtifact(f1_score=0.9711576451995259, precision_score=0.963166144200627, recall_score=0.9792828685258964))
[ 2026-01-13 22:32:30,796 ] 77 root - INFO - \u2705 Model Training Completed
[ 2026-01-13 22:32:30,796 ] 80 root - INFO - \U0001f389 Network Security Training Pipeline Completed Successfully
