[ 2026-01-14 23:01:14,308 ] 1025 httpx - INFO - HTTP Request: GET https://dagshub.com/api/v1/user "HTTP/1.1 200 OK"
[ 2026-01-14 23:01:14,314 ] 107 dagshub - INFO - Accessing as pinkidagar18
[ 2026-01-14 23:01:15,673 ] 1025 httpx - INFO - HTTP Request: GET https://dagshub.com/api/v1/repos/pinkidagar18/networksecurity "HTTP/1.1 200 OK"
[ 2026-01-14 23:01:17,073 ] 1025 httpx - INFO - HTTP Request: GET https://dagshub.com/api/v1/user "HTTP/1.1 200 OK"
[ 2026-01-14 23:01:17,076 ] 107 dagshub - INFO - Initialized MLflow to track repo "pinkidagar18/networksecurity"
[ 2026-01-14 23:01:17,077 ] 107 dagshub - INFO - Repository pinkidagar18/networksecurity initialized!
[ 2026-01-14 23:01:17,077 ] 22 root - INFO - \U0001f680 Network Security Training Pipeline Started
[ 2026-01-14 23:01:17,077 ] 32 root - INFO - \U0001f4e5 Data Ingestion Started
[ 2026-01-14 23:01:17,077 ] 105 root - INFO - Starting data ingestion process
[ 2026-01-14 23:01:17,078 ] 33 root - INFO - Connecting to MongoDB
[ 2026-01-14 23:01:20,621 ] 49 root - INFO - Successfully fetched data from MongoDB
[ 2026-01-14 23:01:20,694 ] 65 root - INFO - Data exported to feature store successfully
[ 2026-01-14 23:01:20,694 ] 74 root - INFO - Performing train-test split
[ 2026-01-14 23:01:20,777 ] 97 root - INFO - Train-test split completed and files saved
[ 2026-01-14 23:01:20,777 ] 116 root - INFO - Data ingestion completed successfully
[ 2026-01-14 23:01:20,778 ] 36 root - INFO - \u2705 Data Ingestion Completed
[ 2026-01-14 23:01:20,778 ] 42 root - INFO - \U0001f50d Data Validation Started
[ 2026-01-14 23:01:20,857 ] 32 root - INFO - Required number of columns:2
[ 2026-01-14 23:01:20,857 ] 33 root - INFO - Data frame has columns:31
[ 2026-01-14 23:01:20,857 ] 32 root - INFO - Required number of columns:2
[ 2026-01-14 23:01:20,857 ] 33 root - INFO - Data frame has columns:31
[ 2026-01-14 23:01:21,021 ] 48 root - INFO - \u2705 Data Validation Completed
[ 2026-01-14 23:01:21,021 ] 54 root - INFO - \U0001f504 Data Transformation Started
[ 2026-01-14 23:01:21,022 ] 63 root - INFO - Entered initiate_data_transformation method of DataTransformation class
[ 2026-01-14 23:01:21,022 ] 65 root - INFO - Starting data transformation
[ 2026-01-14 23:01:21,048 ] 48 root - INFO - Entered get_data_transformer_object method of Transformation class
[ 2026-01-14 23:01:21,048 ] 53 root - INFO - Initialise KNNImputer with {'missing_values': nan, 'n_neighbors': 3, 'weights': 'uniform'}
[ 2026-01-14 23:01:21,102 ] 46 root - INFO - Entered the save_object method of MainUtils class
[ 2026-01-14 23:01:21,106 ] 50 root - INFO - Exited the save_object method of MainUtils class
[ 2026-01-14 23:01:21,107 ] 46 root - INFO - Entered the save_object method of MainUtils class
[ 2026-01-14 23:01:21,111 ] 50 root - INFO - Exited the save_object method of MainUtils class
[ 2026-01-14 23:01:21,113 ] 64 root - INFO - \u2705 Data Transformation Completed
[ 2026-01-14 23:01:21,113 ] 70 root - INFO - \U0001f916 Model Training Started
[ 2026-01-14 23:01:42,946 ] 107 root - INFO - Best model selected: Random Forest
[ 2026-01-14 23:01:42,947 ] 111 root - INFO - Logging metrics for model: Random Forest
[ 2026-01-14 23:03:04,185 ] 111 root - INFO - Logging metrics for model: Decision Tree
[ 2026-01-14 23:03:41,769 ] 111 root - INFO - Logging metrics for model: Gradient Boosting
[ 2026-01-14 23:04:27,075 ] 111 root - INFO - Logging metrics for model: Logistic Regression
[ 2026-01-14 23:05:04,114 ] 111 root - INFO - Logging metrics for model: AdaBoost
[ 2026-01-14 23:05:49,350 ] 46 root - INFO - Entered the save_object method of MainUtils class
[ 2026-01-14 23:05:49,383 ] 50 root - INFO - Exited the save_object method of MainUtils class
[ 2026-01-14 23:05:49,383 ] 46 root - INFO - Entered the save_object method of MainUtils class
[ 2026-01-14 23:05:49,406 ] 50 root - INFO - Exited the save_object method of MainUtils class
[ 2026-01-14 23:05:49,406 ] 155 root - INFO - Model trainer artifact: ModelTrainerArtifact(trained_model_file_path='Artifacts\\01_14_2026_23_01_07\\model_trainer\\trained_model\\model.pkl', train_metric_artifact=ClassificationMetricArtifact(f1_score=0.9307110438729198, precision_score=0.9204069419509275, recall_score=0.9412484700122399), test_metric_artifact=ClassificationMetricArtifact(f1_score=0.936837975676736, precision_score=0.9227202472952086, recall_score=0.951394422310757))
[ 2026-01-14 23:05:49,408 ] 77 root - INFO - \u2705 Model Training Completed
[ 2026-01-14 23:05:49,408 ] 80 root - INFO - \U0001f389 Network Security Training Pipeline Completed Successfully
