[ 2026-01-14 23:11:35,329 ] 1025 httpx - INFO - HTTP Request: GET https://dagshub.com/api/v1/user "HTTP/1.1 200 OK"
[ 2026-01-14 23:11:35,334 ] 107 dagshub - INFO - Accessing as pinkidagar18
[ 2026-01-14 23:11:37,244 ] 1025 httpx - INFO - HTTP Request: GET https://dagshub.com/api/v1/repos/pinkidagar18/networksecurity "HTTP/1.1 200 OK"
[ 2026-01-14 23:11:39,042 ] 1025 httpx - INFO - HTTP Request: GET https://dagshub.com/api/v1/user "HTTP/1.1 200 OK"
[ 2026-01-14 23:11:39,047 ] 107 dagshub - INFO - Initialized MLflow to track repo "pinkidagar18/networksecurity"
[ 2026-01-14 23:11:39,048 ] 107 dagshub - INFO - Repository pinkidagar18/networksecurity initialized!
[ 2026-01-14 23:11:39,070 ] 22 root - INFO - \U0001f680 Network Security Training Pipeline Started
[ 2026-01-14 23:11:39,070 ] 32 root - INFO - \U0001f4e5 Data Ingestion Started
[ 2026-01-14 23:11:39,070 ] 105 root - INFO - Starting data ingestion process
[ 2026-01-14 23:11:39,070 ] 33 root - INFO - Connecting to MongoDB
[ 2026-01-14 23:11:43,423 ] 49 root - INFO - Successfully fetched data from MongoDB
[ 2026-01-14 23:11:43,507 ] 65 root - INFO - Data exported to feature store successfully
[ 2026-01-14 23:11:43,508 ] 74 root - INFO - Performing train-test split
[ 2026-01-14 23:11:43,583 ] 97 root - INFO - Train-test split completed and files saved
[ 2026-01-14 23:11:43,583 ] 116 root - INFO - Data ingestion completed successfully
[ 2026-01-14 23:11:43,583 ] 36 root - INFO - \u2705 Data Ingestion Completed
[ 2026-01-14 23:11:43,584 ] 42 root - INFO - \U0001f50d Data Validation Started
[ 2026-01-14 23:11:43,662 ] 32 root - INFO - Required number of columns:2
[ 2026-01-14 23:11:43,683 ] 33 root - INFO - Data frame has columns:31
[ 2026-01-14 23:11:43,683 ] 32 root - INFO - Required number of columns:2
[ 2026-01-14 23:11:43,683 ] 33 root - INFO - Data frame has columns:31
[ 2026-01-14 23:11:43,839 ] 48 root - INFO - \u2705 Data Validation Completed
[ 2026-01-14 23:11:43,840 ] 54 root - INFO - \U0001f504 Data Transformation Started
[ 2026-01-14 23:11:43,840 ] 63 root - INFO - Entered initiate_data_transformation method of DataTransformation class
[ 2026-01-14 23:11:43,840 ] 65 root - INFO - Starting data transformation
[ 2026-01-14 23:11:43,867 ] 48 root - INFO - Entered get_data_transformer_object method of Transformation class
[ 2026-01-14 23:11:43,867 ] 53 root - INFO - Initialise KNNImputer with {'missing_values': nan, 'n_neighbors': 3, 'weights': 'uniform'}
[ 2026-01-14 23:11:43,921 ] 46 root - INFO - Entered the save_object method of MainUtils class
[ 2026-01-14 23:11:43,926 ] 50 root - INFO - Exited the save_object method of MainUtils class
[ 2026-01-14 23:11:43,926 ] 46 root - INFO - Entered the save_object method of MainUtils class
[ 2026-01-14 23:11:43,932 ] 50 root - INFO - Exited the save_object method of MainUtils class
[ 2026-01-14 23:11:43,933 ] 64 root - INFO - \u2705 Data Transformation Completed
[ 2026-01-14 23:11:43,934 ] 70 root - INFO - \U0001f916 Model Training Started
[ 2026-01-14 23:12:04,578 ] 120 root - INFO - Best model selected: Random Forest
[ 2026-01-14 23:12:04,578 ] 124 root - INFO - Logging metrics for model: Random Forest
[ 2026-01-14 23:12:12,011 ] 83 root - ERROR - \u274c Error occurred in Network Security Training Pipeline
