[ 2026-01-14 23:32:54,702 ] 1025 httpx - INFO - HTTP Request: GET https://dagshub.com/api/v1/user "HTTP/1.1 200 OK"
[ 2026-01-14 23:32:54,706 ] 107 dagshub - INFO - Accessing as pinkidagar18
[ 2026-01-14 23:32:56,238 ] 1025 httpx - INFO - HTTP Request: GET https://dagshub.com/api/v1/repos/pinkidagar18/networksecurity "HTTP/1.1 200 OK"
[ 2026-01-14 23:32:57,577 ] 1025 httpx - INFO - HTTP Request: GET https://dagshub.com/api/v1/user "HTTP/1.1 200 OK"
[ 2026-01-14 23:32:57,579 ] 107 dagshub - INFO - Initialized MLflow to track repo "pinkidagar18/networksecurity"
[ 2026-01-14 23:32:57,580 ] 107 dagshub - INFO - Repository pinkidagar18/networksecurity initialized!
[ 2026-01-14 23:34:04,090 ] 99 root - INFO - Training pipeline initiated via API
[ 2026-01-14 23:34:04,091 ] 174 root - INFO - ================================================================================
[ 2026-01-14 23:34:04,091 ] 175 root - INFO - TRAINING PIPELINE STARTED
[ 2026-01-14 23:34:04,091 ] 176 root - INFO - ================================================================================
[ 2026-01-14 23:34:04,091 ] 179 root - INFO - Step 1/4: Data Ingestion
[ 2026-01-14 23:34:04,091 ] 50 root - INFO - Starting data ingestion
[ 2026-01-14 23:34:04,091 ] 105 root - INFO - Starting data ingestion process
[ 2026-01-14 23:34:04,091 ] 33 root - INFO - Connecting to MongoDB
[ 2026-01-14 23:34:09,060 ] 49 root - INFO - Successfully fetched data from MongoDB
[ 2026-01-14 23:34:09,179 ] 65 root - INFO - Data exported to feature store successfully
[ 2026-01-14 23:34:09,179 ] 74 root - INFO - Performing train-test split
[ 2026-01-14 23:34:09,305 ] 97 root - INFO - Train-test split completed and files saved
[ 2026-01-14 23:34:09,306 ] 116 root - INFO - Data ingestion completed successfully
[ 2026-01-14 23:34:09,306 ] 55 root - INFO - Data ingestion completed. Artifact: DataIngestionArtifact(trained_file_path='Artifacts\\01_14_2026_23_32_50\\data_ingestion\\ingested\\train.csv', test_file_path='Artifacts\\01_14_2026_23_32_50\\data_ingestion\\ingested\\test.csv')
[ 2026-01-14 23:34:09,306 ] 183 root - INFO - Step 2/4: Data Validation
[ 2026-01-14 23:34:09,314 ] 70 root - INFO - Starting data validation
[ 2026-01-14 23:34:09,400 ] 32 root - INFO - Required number of columns:2
[ 2026-01-14 23:34:09,400 ] 33 root - INFO - Data frame has columns:31
[ 2026-01-14 23:34:09,400 ] 32 root - INFO - Required number of columns:2
[ 2026-01-14 23:34:09,400 ] 33 root - INFO - Data frame has columns:31
[ 2026-01-14 23:34:09,616 ] 72 root - INFO - Data validation completed. Artifact: DataValidationArtifact(validation_status=None, valid_train_file_path='Artifacts\\01_14_2026_23_32_50\\data_ingestion\\ingested\\train.csv', valid_test_file_path='Artifacts\\01_14_2026_23_32_50\\data_ingestion\\ingested\\test.csv', invalid_train_file_path=None, invalid_test_file_path=None, drift_report_file_path='Artifacts\\01_14_2026_23_32_50\\data_validation\\drift_report\\report.yaml')
[ 2026-01-14 23:34:09,616 ] 189 root - INFO - Step 3/4: Data Transformation
[ 2026-01-14 23:34:09,616 ] 86 root - INFO - Starting data transformation
[ 2026-01-14 23:34:09,616 ] 63 root - INFO - Entered initiate_data_transformation method of DataTransformation class
[ 2026-01-14 23:34:09,616 ] 65 root - INFO - Starting data transformation
[ 2026-01-14 23:34:09,685 ] 48 root - INFO - Entered get_data_transformer_object method of Transformation class
[ 2026-01-14 23:34:09,685 ] 53 root - INFO - Initialise KNNImputer with {'missing_values': nan, 'n_neighbors': 3, 'weights': 'uniform'}
[ 2026-01-14 23:34:09,719 ] 46 root - INFO - Entered the save_object method of MainUtils class
[ 2026-01-14 23:34:09,735 ] 50 root - INFO - Exited the save_object method of MainUtils class
[ 2026-01-14 23:34:09,735 ] 46 root - INFO - Entered the save_object method of MainUtils class
[ 2026-01-14 23:34:09,742 ] 50 root - INFO - Exited the save_object method of MainUtils class
[ 2026-01-14 23:34:09,745 ] 88 root - INFO - Data transformation completed. Artifact: DataTransformationArtifact(transformed_object_file_path='Artifacts\\01_14_2026_23_32_50\\data_transformation\\transformed_object\\preprocessing.pkl', transformed_train_file_path='Artifacts\\01_14_2026_23_32_50\\data_transformation\\transformed\\train.npy', transformed_test_file_path='Artifacts\\01_14_2026_23_32_50\\data_transformation\\transformed\\test.npy')
[ 2026-01-14 23:34:09,746 ] 195 root - INFO - Step 4/4: Model Training
[ 2026-01-14 23:34:09,746 ] 104 root - INFO - Starting model training
[ 2026-01-14 23:34:45,416 ] 120 root - INFO - Best model selected: Random Forest
[ 2026-01-14 23:34:45,416 ] 124 root - INFO - Logging metrics for model: Random Forest
[ 2026-01-14 23:37:55,762 ] 124 root - INFO - Logging metrics for model: Decision Tree
[ 2026-01-14 23:38:53,972 ] 868 urllib3.connectionpool - WARNING - Retrying (Retry(total=6, connect=7, read=6, redirect=7, status=7)) after connection broken by 'RemoteDisconnected('Remote end closed connection without response')': /pinkidagar18/networksecurity.mlflow/api/2.0/mlflow/runs/update
[ 2026-01-14 23:38:56,911 ] 124 root - INFO - Logging metrics for model: Gradient Boosting
[ 2026-01-14 23:39:51,606 ] 124 root - INFO - Logging metrics for model: Logistic Regression
[ 2026-01-14 23:41:02,369 ] 124 root - INFO - Logging metrics for model: AdaBoost
[ 2026-01-14 23:42:16,010 ] 46 root - INFO - Entered the save_object method of MainUtils class
[ 2026-01-14 23:42:16,065 ] 50 root - INFO - Exited the save_object method of MainUtils class
[ 2026-01-14 23:42:16,065 ] 46 root - INFO - Entered the save_object method of MainUtils class
[ 2026-01-14 23:42:16,106 ] 50 root - INFO - Exited the save_object method of MainUtils class
[ 2026-01-14 23:42:16,107 ] 183 root - INFO - Model trainer artifact: ModelTrainerArtifact(trained_model_file_path='Artifacts\\01_14_2026_23_32_50\\model_trainer\\trained_model\\model.pkl', train_metric_artifact=ClassificationMetricArtifact(f1_score=0.9307110438729198, precision_score=0.9204069419509275, recall_score=0.9412484700122399, accuracy_score=0.9223202170963365), test_metric_artifact=ClassificationMetricArtifact(f1_score=0.936837975676736, precision_score=0.9227202472952086, recall_score=0.951394422310757, accuracy_score=0.9271822704658526))
[ 2026-01-14 23:42:16,112 ] 106 root - INFO - Model training completed. Artifact: ModelTrainerArtifact(trained_model_file_path='Artifacts\\01_14_2026_23_32_50\\model_trainer\\trained_model\\model.pkl', train_metric_artifact=ClassificationMetricArtifact(f1_score=0.9307110438729198, precision_score=0.9204069419509275, recall_score=0.9412484700122399, accuracy_score=0.9223202170963365), test_metric_artifact=ClassificationMetricArtifact(f1_score=0.936837975676736, precision_score=0.9227202472952086, recall_score=0.951394422310757, accuracy_score=0.9271822704658526))
[ 2026-01-14 23:42:16,112 ] 206 root - INFO - S3 sync disabled. Models saved locally only.
[ 2026-01-14 23:42:16,112 ] 208 root - INFO - ================================================================================
[ 2026-01-14 23:42:16,112 ] 209 root - INFO - TRAINING PIPELINE COMPLETED SUCCESSFULLY
[ 2026-01-14 23:42:16,112 ] 210 root - INFO - ================================================================================
[ 2026-01-14 23:42:16,112 ] 108 root - INFO - Training pipeline completed successfully
