[ 2026-01-14 20:07:38,068 ] 1025 httpx - INFO - HTTP Request: GET https://dagshub.com/api/v1/user "HTTP/1.1 200 OK"
[ 2026-01-14 20:07:38,072 ] 107 dagshub - INFO - Accessing as pinkidagar18
[ 2026-01-14 20:07:39,805 ] 1025 httpx - INFO - HTTP Request: GET https://dagshub.com/api/v1/repos/pinkidagar18/networksecurity "HTTP/1.1 200 OK"
[ 2026-01-14 20:07:41,411 ] 1025 httpx - INFO - HTTP Request: GET https://dagshub.com/api/v1/user "HTTP/1.1 200 OK"
[ 2026-01-14 20:07:41,413 ] 107 dagshub - INFO - Initialized MLflow to track repo "pinkidagar18/networksecurity"
[ 2026-01-14 20:07:41,415 ] 107 dagshub - INFO - Repository pinkidagar18/networksecurity initialized!
[ 2026-01-14 20:08:09,786 ] 109 root - INFO - Received CSV file with 12 rows and 30 columns
[ 2026-01-14 20:08:09,888 ] 120 root - INFO - Predictions generated: [1. 1. 0. 1. 1. 1. 1. 0. 1. 0.]
[ 2026-01-14 20:08:09,893 ] 133 root - INFO - Predictions saved to prediction_output/output.csv
[ 2026-01-14 20:09:08,834 ] 84 root - INFO - Training pipeline initiated via API
[ 2026-01-14 20:09:08,834 ] 38 root - INFO - Start data Ingestion
[ 2026-01-14 20:09:08,834 ] 105 root - INFO - Starting data ingestion process
[ 2026-01-14 20:09:08,834 ] 33 root - INFO - Connecting to MongoDB
[ 2026-01-14 20:09:14,439 ] 49 root - INFO - Successfully fetched data from MongoDB
[ 2026-01-14 20:09:14,607 ] 65 root - INFO - Data exported to feature store successfully
[ 2026-01-14 20:09:14,607 ] 74 root - INFO - Performing train-test split
[ 2026-01-14 20:09:14,742 ] 97 root - INFO - Train-test split completed and files saved
[ 2026-01-14 20:09:14,742 ] 116 root - INFO - Data ingestion completed successfully
[ 2026-01-14 20:09:14,743 ] 41 root - INFO - Data Ingestion completed and artifact: DataIngestionArtifact(trained_file_path='Artifacts\\01_14_2026_20_07_33\\data_ingestion\\ingested\\train.csv', test_file_path='Artifacts\\01_14_2026_20_07_33\\data_ingestion\\ingested\\test.csv')
[ 2026-01-14 20:09:14,775 ] 51 root - INFO - Initiate the data Validation
[ 2026-01-14 20:09:14,915 ] 32 root - INFO - Required number of columns:2
[ 2026-01-14 20:09:14,915 ] 33 root - INFO - Data frame has columns:31
[ 2026-01-14 20:09:14,916 ] 32 root - INFO - Required number of columns:2
[ 2026-01-14 20:09:14,916 ] 33 root - INFO - Data frame has columns:31
[ 2026-01-14 20:09:15,213 ] 63 root - INFO - Entered initiate_data_transformation method of DataTransformation class
[ 2026-01-14 20:09:15,213 ] 65 root - INFO - Starting data transformation
[ 2026-01-14 20:09:15,271 ] 48 root - INFO - Entered get_data_transformer_object method of Transformation class
[ 2026-01-14 20:09:15,272 ] 53 root - INFO - Initialise KNNImputer with {'missing_values': nan, 'n_neighbors': 3, 'weights': 'uniform'}
[ 2026-01-14 20:09:15,342 ] 46 root - INFO - Entered the save_object method of MainUtils class
[ 2026-01-14 20:09:15,351 ] 50 root - INFO - Exited the save_object method of MainUtils class
[ 2026-01-14 20:09:15,351 ] 46 root - INFO - Entered the save_object method of MainUtils class
[ 2026-01-14 20:09:15,362 ] 50 root - INFO - Exited the save_object method of MainUtils class
[ 2026-01-14 20:10:15,309 ] 105 root - INFO - Best model selected: Random Forest
[ 2026-01-14 20:11:53,050 ] 46 root - INFO - Entered the save_object method of MainUtils class
[ 2026-01-14 20:11:53,095 ] 50 root - INFO - Exited the save_object method of MainUtils class
[ 2026-01-14 20:11:53,095 ] 46 root - INFO - Entered the save_object method of MainUtils class
[ 2026-01-14 20:11:53,147 ] 50 root - INFO - Exited the save_object method of MainUtils class
[ 2026-01-14 20:11:53,147 ] 151 root - INFO - Model trainer artifact: ModelTrainerArtifact(trained_model_file_path='Artifacts\\01_14_2026_20_07_33\\model_trainer\\trained_model\\model.pkl', train_metric_artifact=ClassificationMetricArtifact(f1_score=0.9915521628498728, precision_score=0.9894373349583587, recall_score=0.9936760505915953), test_metric_artifact=ClassificationMetricArtifact(f1_score=0.9715189873417721, precision_score=0.9646504320502749, recall_score=0.9784860557768924))
[ 2026-01-14 20:11:53,153 ] 90 root - ERROR - Training pipeline failed: Error occured in python script name [C:\Users\pc\OneDrive\Attachments\Desktop\NETWORKSECURITY\networksecurity\pipeline\training_pipeline.py] line number [112] error message [Error occured in python script name [C:\Users\pc\OneDrive\Attachments\Desktop\NETWORKSECURITY\networksecurity\pipeline\training_pipeline.py] line number [89] error message [name 'TRAINING_BUCKET_NAME' is not defined]]
[ 2026-01-14 20:11:53,167 ] 84 root - INFO - Training pipeline initiated via API
[ 2026-01-14 20:11:53,167 ] 38 root - INFO - Start data Ingestion
[ 2026-01-14 20:11:53,167 ] 105 root - INFO - Starting data ingestion process
[ 2026-01-14 20:11:53,167 ] 33 root - INFO - Connecting to MongoDB
[ 2026-01-14 20:11:59,099 ] 49 root - INFO - Successfully fetched data from MongoDB
[ 2026-01-14 20:11:59,225 ] 65 root - INFO - Data exported to feature store successfully
[ 2026-01-14 20:11:59,226 ] 74 root - INFO - Performing train-test split
[ 2026-01-14 20:11:59,374 ] 97 root - INFO - Train-test split completed and files saved
[ 2026-01-14 20:11:59,375 ] 116 root - INFO - Data ingestion completed successfully
[ 2026-01-14 20:11:59,377 ] 41 root - INFO - Data Ingestion completed and artifact: DataIngestionArtifact(trained_file_path='Artifacts\\01_14_2026_20_07_33\\data_ingestion\\ingested\\train.csv', test_file_path='Artifacts\\01_14_2026_20_07_33\\data_ingestion\\ingested\\test.csv')
[ 2026-01-14 20:11:59,387 ] 51 root - INFO - Initiate the data Validation
[ 2026-01-14 20:11:59,525 ] 32 root - INFO - Required number of columns:2
[ 2026-01-14 20:11:59,525 ] 33 root - INFO - Data frame has columns:31
[ 2026-01-14 20:11:59,525 ] 32 root - INFO - Required number of columns:2
[ 2026-01-14 20:11:59,525 ] 33 root - INFO - Data frame has columns:31
[ 2026-01-14 20:11:59,839 ] 63 root - INFO - Entered initiate_data_transformation method of DataTransformation class
[ 2026-01-14 20:11:59,839 ] 65 root - INFO - Starting data transformation
[ 2026-01-14 20:11:59,898 ] 48 root - INFO - Entered get_data_transformer_object method of Transformation class
[ 2026-01-14 20:11:59,898 ] 53 root - INFO - Initialise KNNImputer with {'missing_values': nan, 'n_neighbors': 3, 'weights': 'uniform'}
[ 2026-01-14 20:11:59,937 ] 46 root - INFO - Entered the save_object method of MainUtils class
[ 2026-01-14 20:11:59,945 ] 50 root - INFO - Exited the save_object method of MainUtils class
[ 2026-01-14 20:11:59,945 ] 46 root - INFO - Entered the save_object method of MainUtils class
[ 2026-01-14 20:11:59,958 ] 50 root - INFO - Exited the save_object method of MainUtils class
[ 2026-01-14 20:12:42,066 ] 105 root - INFO - Best model selected: Random Forest
