[ 2026-01-14 20:03:28,612 ] 1025 httpx - INFO - HTTP Request: GET https://dagshub.com/api/v1/user "HTTP/1.1 200 OK"
[ 2026-01-14 20:03:28,619 ] 107 dagshub - INFO - Accessing as pinkidagar18
[ 2026-01-14 20:03:30,152 ] 1025 httpx - INFO - HTTP Request: GET https://dagshub.com/api/v1/repos/pinkidagar18/networksecurity "HTTP/1.1 200 OK"
[ 2026-01-14 20:03:31,794 ] 1025 httpx - INFO - HTTP Request: GET https://dagshub.com/api/v1/user "HTTP/1.1 200 OK"
[ 2026-01-14 20:03:31,796 ] 107 dagshub - INFO - Initialized MLflow to track repo "pinkidagar18/networksecurity"
[ 2026-01-14 20:03:31,798 ] 107 dagshub - INFO - Repository pinkidagar18/networksecurity initialized!
[ 2026-01-14 20:04:01,286 ] 84 root - INFO - Training pipeline initiated via API
[ 2026-01-14 20:04:01,286 ] 38 root - INFO - Start data Ingestion
[ 2026-01-14 20:04:01,287 ] 105 root - INFO - Starting data ingestion process
[ 2026-01-14 20:04:01,287 ] 33 root - INFO - Connecting to MongoDB
[ 2026-01-14 20:04:07,499 ] 49 root - INFO - Successfully fetched data from MongoDB
[ 2026-01-14 20:04:07,644 ] 65 root - INFO - Data exported to feature store successfully
[ 2026-01-14 20:04:07,645 ] 74 root - INFO - Performing train-test split
[ 2026-01-14 20:04:07,790 ] 97 root - INFO - Train-test split completed and files saved
[ 2026-01-14 20:04:07,790 ] 116 root - INFO - Data ingestion completed successfully
[ 2026-01-14 20:04:07,791 ] 41 root - INFO - Data Ingestion completed and artifact: DataIngestionArtifact(trained_file_path='Artifacts\\01_14_2026_20_03_24\\data_ingestion\\ingested\\train.csv', test_file_path='Artifacts\\01_14_2026_20_03_24\\data_ingestion\\ingested\\test.csv')
[ 2026-01-14 20:04:07,803 ] 51 root - INFO - Initiate the data Validation
[ 2026-01-14 20:04:07,936 ] 32 root - INFO - Required number of columns:2
[ 2026-01-14 20:04:07,937 ] 33 root - INFO - Data frame has columns:31
[ 2026-01-14 20:04:07,937 ] 32 root - INFO - Required number of columns:2
[ 2026-01-14 20:04:07,937 ] 33 root - INFO - Data frame has columns:31
[ 2026-01-14 20:04:08,241 ] 63 root - INFO - Entered initiate_data_transformation method of DataTransformation class
[ 2026-01-14 20:04:08,242 ] 65 root - INFO - Starting data transformation
[ 2026-01-14 20:04:08,303 ] 48 root - INFO - Entered get_data_transformer_object method of Transformation class
[ 2026-01-14 20:04:08,303 ] 53 root - INFO - Initialise KNNImputer with {'missing_values': nan, 'n_neighbors': 3, 'weights': 'uniform'}
[ 2026-01-14 20:04:08,387 ] 46 root - INFO - Entered the save_object method of MainUtils class
[ 2026-01-14 20:04:08,399 ] 50 root - INFO - Exited the save_object method of MainUtils class
[ 2026-01-14 20:04:08,399 ] 46 root - INFO - Entered the save_object method of MainUtils class
[ 2026-01-14 20:04:08,410 ] 50 root - INFO - Exited the save_object method of MainUtils class
[ 2026-01-14 20:04:51,958 ] 105 root - INFO - Best model selected: Random Forest
[ 2026-01-14 20:06:56,527 ] 46 root - INFO - Entered the save_object method of MainUtils class
[ 2026-01-14 20:06:56,569 ] 50 root - INFO - Exited the save_object method of MainUtils class
[ 2026-01-14 20:06:56,569 ] 46 root - INFO - Entered the save_object method of MainUtils class
[ 2026-01-14 20:06:56,602 ] 50 root - INFO - Exited the save_object method of MainUtils class
[ 2026-01-14 20:06:56,602 ] 151 root - INFO - Model trainer artifact: ModelTrainerArtifact(trained_model_file_path='Artifacts\\01_14_2026_20_03_24\\model_trainer\\trained_model\\model.pkl', train_metric_artifact=ClassificationMetricArtifact(f1_score=0.9915538821613921, precision_score=0.989238578680203, recall_score=0.9938800489596084), test_metric_artifact=ClassificationMetricArtifact(f1_score=0.9715639810426541, precision_score=0.9631949882537196, recall_score=0.9800796812749004))
[ 2026-01-14 20:06:56,606 ] 90 root - ERROR - Training pipeline failed: Error occured in python script name [C:\Users\pc\OneDrive\Attachments\Desktop\NETWORKSECURITY\networksecurity\pipeline\training_pipeline.py] line number [112] error message [Error occured in python script name [C:\Users\pc\OneDrive\Attachments\Desktop\NETWORKSECURITY\networksecurity\pipeline\training_pipeline.py] line number [89] error message [name 'TRAINING_BUCKET_NAME' is not defined]]
